0 info it worked if it ends with ok
1 verbose cli [ '/Users/andrealmeida/.nvm/versions/node/v6.3.0/bin/node',
1 verbose cli   '/Users/andrealmeida/.nvm/versions/node/v6.3.0/bin/npm',
1 verbose cli   'run',
1 verbose cli   'build:client' ]
2 info using npm@3.10.3
3 info using node@v6.3.0
4 verbose run-script [ 'prebuild:client', 'build:client', 'postbuild:client' ]
5 info lifecycle fittoday@1.0.0~prebuild:client: fittoday@1.0.0
6 silly lifecycle fittoday@1.0.0~prebuild:client: no script for prebuild:client, continuing
7 info lifecycle fittoday@1.0.0~build:client: fittoday@1.0.0
8 verbose lifecycle fittoday@1.0.0~build:client: unsafe-perm in lifecycle true
9 verbose lifecycle fittoday@1.0.0~build:client: PATH: /Users/andrealmeida/.nvm/versions/node/v6.3.0/lib/node_modules/npm/bin/node-gyp-bin:/Users/andrealmeida/Documents/fitToday/node_modules/.bin:/Users/andrealmeida/.nvm/versions/node/v6.3.0/bin:/Users/andrealmeida/.nvm/versions/node/v6.3.0/bin:/Library/Frameworks/Python.framework/Versions/3.5/bin:/Library/Frameworks/Python.framework/Versions/2.7/bin:/usr/local/share/npm/bin:/Users/andrealmeida/Code/aeo_bin:/Users/andrealmeida/Code/ATG_10.1.2/home/bin:/Users/andrealmeida/Code/ACC_10.1.2/bin:/System/Library/Frameworks/JavaVM.framework/Versions/1.6/Home/bin:/Users/andrealmeida/Code/jboss-eap-5.1/jboss-as/bin:/Users/andrealmeida/.rvm/gems/ruby-2.2.0/bin:/Users/andrealmeida/.rvm/gems/ruby-2.2.0@global/bin:/Users/andrealmeida/.rvm/rubies/ruby-2.2.0/bin:/usr/local/bin:/usr/bin:/bin:/usr/sbin:/sbin:/Users/andrealmeida/.rvm/bin:/Users/andrealmeida/apache-maven-3.3.3/bin
10 verbose lifecycle fittoday@1.0.0~build:client: CWD: /Users/andrealmeida/Documents/fitToday
11 silly lifecycle fittoday@1.0.0~build:client: Args: [ '-c', 'gulp deploy:dev' ]
12 silly lifecycle fittoday@1.0.0~build:client: Returned: code: 1  signal: null
13 info lifecycle fittoday@1.0.0~build:client: Failed to exec build:client script
14 verbose stack Error: fittoday@1.0.0 build:client: `gulp deploy:dev`
14 verbose stack Exit status 1
14 verbose stack     at EventEmitter.<anonymous> (/Users/andrealmeida/.nvm/versions/node/v6.3.0/lib/node_modules/npm/lib/utils/lifecycle.js:242:16)
14 verbose stack     at emitTwo (events.js:106:13)
14 verbose stack     at EventEmitter.emit (events.js:191:7)
14 verbose stack     at ChildProcess.<anonymous> (/Users/andrealmeida/.nvm/versions/node/v6.3.0/lib/node_modules/npm/lib/utils/spawn.js:40:14)
14 verbose stack     at emitTwo (events.js:106:13)
14 verbose stack     at ChildProcess.emit (events.js:191:7)
14 verbose stack     at maybeClose (internal/child_process.js:852:16)
14 verbose stack     at Process.ChildProcess._handle.onexit (internal/child_process.js:215:5)
15 verbose pkgid fittoday@1.0.0
16 verbose cwd /Users/andrealmeida/Documents/fitToday
17 error Darwin 15.6.0
18 error argv "/Users/andrealmeida/.nvm/versions/node/v6.3.0/bin/node" "/Users/andrealmeida/.nvm/versions/node/v6.3.0/bin/npm" "run" "build:client"
19 error node v6.3.0
20 error npm  v3.10.3
21 error code ELIFECYCLE
22 error fittoday@1.0.0 build:client: `gulp deploy:dev`
22 error Exit status 1
23 error Failed at the fittoday@1.0.0 build:client script 'gulp deploy:dev'.
23 error Make sure you have the latest version of node.js and npm installed.
23 error If you do, this is most likely a problem with the fittoday package,
23 error not with npm itself.
23 error Tell the author that this fails on your system:
23 error     gulp deploy:dev
23 error You can get information on how to open an issue for this project with:
23 error     npm bugs fittoday
23 error Or if that isn't available, you can get their info via:
23 error     npm owner ls fittoday
23 error There is likely additional logging output above.
24 verbose exit [ 1, true ]
